#
# There is insufficient memory for the Java Runtime Environment to continue.
# Native memory allocation (malloc) failed to allocate 340736 bytes for Chunk::new
# Possible reasons:
#   The system is out of physical RAM or swap space
#   In 32 bit mode, the process size limit was hit
# Possible solutions:
#   Reduce memory load on the system
#   Increase physical memory or swap space
#   Check if swap backing store is full
#   Use 64 bit Java on a 64 bit OS
#   Decrease Java heap size (-Xmx/-Xms)
#   Decrease number of Java threads
#   Decrease Java thread stack sizes (-Xss)
#   Set larger code cache with -XX:ReservedCodeCacheSize=
# This output file may be truncated or incomplete.
#
#  Out of Memory Error (allocation.cpp:390), pid=24568, tid=0x0000000000002e3c
#
# JRE version: Java(TM) SE Runtime Environment (8.0_121-b13) (build 1.8.0_121-b13)
# Java VM: Java HotSpot(TM) 64-Bit Server VM (25.121-b13 mixed mode windows-amd64 compressed oops)
# Failed to write core dump. Minidumps are not enabled by default on client versions of Windows
#

---------------  T H R E A D  ---------------

Current thread (0x0000000015e51000):  JavaThread "C2 CompilerThread1" daemon [_thread_in_native, id=11836, stack(0x00000000167b0000,0x00000000168b0000)]

Stack: [0x00000000167b0000,0x00000000168b0000]
[error occurred during error reporting (printing stack bounds), id 0xc0000005]

Native frames: (J=compiled Java code, j=interpreted, Vv=VM code, C=native code)


Current CompileTask:
C2:   6084 3611   !   4       sun.nio.cs.StreamDecoder::read (196 bytes)


---------------  P R O C E S S  ---------------

Java Threads: ( => current thread )
  0x0000000015f03000 JavaThread "Service Thread" daemon [_thread_blocked, id=15944, stack(0x0000000016ab0000,0x0000000016bb0000)]
  0x0000000015e5d000 JavaThread "C1 CompilerThread3" daemon [_thread_in_native, id=4904, stack(0x00000000169b0000,0x0000000016ab0000)]
  0x0000000015e58800 JavaThread "C2 CompilerThread2" daemon [_thread_in_native, id=1404, stack(0x00000000168b0000,0x00000000169b0000)]
=>0x0000000015e51000 JavaThread "C2 CompilerThread1" daemon [_thread_in_native, id=11836, stack(0x00000000167b0000,0x00000000168b0000)]
  0x0000000015e50800 JavaThread "C2 CompilerThread0" daemon [_thread_in_native, id=6728, stack(0x00000000166b0000,0x00000000167b0000)]
  0x0000000015e4d000 JavaThread "Monitor Ctrl-Break" daemon [_thread_in_native, id=31532, stack(0x00000000165b0000,0x00000000166b0000)]
  0x0000000015dd9000 JavaThread "Attach Listener" daemon [_thread_blocked, id=9544, stack(0x00000000164b0000,0x00000000165b0000)]
  0x0000000015dd8000 JavaThread "Signal Dispatcher" daemon [_thread_blocked, id=14812, stack(0x00000000163b0000,0x00000000164b0000)]
  0x0000000002709800 JavaThread "Finalizer" daemon [_thread_blocked, id=19724, stack(0x00000000161b0000,0x00000000162b0000)]
  0x0000000002708000 JavaThread "Reference Handler" daemon [_thread_blocked, id=21776, stack(0x0000000015cb0000,0x0000000015db0000)]
  0x0000000002612800 JavaThread "main" [_thread_in_native, id=21888, stack(0x0000000002410000,0x0000000002510000)]

Other Threads:
  0x0000000013eca000 VMThread [stack: 0x0000000015bb0000,0x0000000015cb0000] [id=18208]
  0x0000000015f07800 WatcherThread [stack: 0x0000000016bb0000,0x0000000016cb0000] [id=14308]

VM state:not at safepoint (normal execution)

VM Mutex/Monitor currently owned by a thread: None

Heap:
 PSYoungGen      total 141824K, used 15944K [0x00000000f5580000, 0x0000000100000000, 0x0000000100000000)
  eden space 131072K, 3% used [0x00000000f5580000,0x00000000f5a96130,0x00000000fd580000)
  from space 10752K, 99% used [0x00000000fd580000,0x00000000fdffc030,0x00000000fe000000)
  to   space 17408K, 0% used [0x00000000fef00000,0x00000000fef00000,0x0000000100000000)
 ParOldGen       total 175104K, used 8208K [0x00000000e0000000, 0x00000000eab00000, 0x00000000f5580000)
  object space 175104K, 4% used [0x00000000e0000000,0x00000000e08041a0,0x00000000eab00000)
 Metaspace       used 17232K, capacity 17648K, committed 18048K, reserved 1064960K
  class space    used 1958K, capacity 2057K, committed 2176K, reserved 1048576K

Card table byte_map: [0x0000000011ad0000,0x0000000011be0000] byte_map_base: 0x00000000113d0000

Marking Bits: (ParMarkBitMap*) 0x000000006bc2b6d0
 Begin Bits: [0x00000000123e0000, 0x0000000012be0000)
 End Bits:   [0x0000000012be0000, 0x00000000133e0000)

Polling page: 0x0000000002240000

CodeCache: size=245760Kb used=13783Kb max_used=14061Kb free=231977Kb
 bounds [0x0000000002710000, 0x00000000034e0000, 0x0000000011710000]
 total_blobs=3880 nmethods=3521 adapters=271
 compilation: enabled

Compilation events (10 events):
Event: 6.058 Thread 0x0000000015e51000 3611   !   4       sun.nio.cs.StreamDecoder::read (196 bytes)
Event: 6.058 Thread 0x0000000015e58800 3612       4       java.io.InputStreamReader::read (11 bytes)
Event: 6.079 Thread 0x0000000015e5d000 3615       1       org.eclipse.sisu.plexus.ComponentImpl::hint (5 bytes)
Event: 6.079 Thread 0x0000000015e5d000 nmethod 3615 0x00000000034bf510 code [0x00000000034bf660, 0x00000000034bf770]
Event: 6.079 Thread 0x0000000015e5d000 3616       1       org.eclipse.sisu.plexus.ComponentImpl::instantiationStrategy (5 bytes)
Event: 6.079 Thread 0x0000000015e5d000 nmethod 3616 0x00000000034b8990 code [0x00000000034b8ae0, 0x00000000034b8bf0]
Event: 6.079 Thread 0x0000000015e5d000 3617       1       org.eclipse.sisu.plexus.ComponentImpl::description (5 bytes)
Event: 6.079 Thread 0x0000000015e5d000 nmethod 3617 0x00000000034b86d0 code [0x00000000034b8820, 0x00000000034b8930]
Event: 6.081 Thread 0x0000000015e5d000 3618       3       java.net.URL::isValidProtocol (78 bytes)
Event: 6.082 Thread 0x0000000015e5d000 nmethod 3618 0x00000000034d7f10 code [0x00000000034d8160, 0x00000000034d8f38]

GC Heap History (10 events):
Event: 1.617 GC heap before
{Heap before GC invocations=1 (full 0):
 PSYoungGen      total 76288K, used 65536K [0x00000000f5580000, 0x00000000faa80000, 0x0000000100000000)
  eden space 65536K, 100% used [0x00000000f5580000,0x00000000f9580000,0x00000000f9580000)
  from space 10752K, 0% used [0x00000000fa000000,0x00000000fa000000,0x00000000faa80000)
  to   space 10752K, 0% used [0x00000000f9580000,0x00000000f9580000,0x00000000fa000000)
 ParOldGen       total 175104K, used 0K [0x00000000e0000000, 0x00000000eab00000, 0x00000000f5580000)
  object space 175104K, 0% used [0x00000000e0000000,0x00000000e0000000,0x00000000eab00000)
 Metaspace       used 10804K, capacity 11012K, committed 11136K, reserved 1058816K
  class space    used 1309K, capacity 1348K, committed 1408K, reserved 1048576K
Event: 1.632 GC heap after
Heap after GC invocations=1 (full 0):
 PSYoungGen      total 76288K, used 8374K [0x00000000f5580000, 0x00000000faa80000, 0x0000000100000000)
  eden space 65536K, 0% used [0x00000000f5580000,0x00000000f5580000,0x00000000f9580000)
  from space 10752K, 77% used [0x00000000f9580000,0x00000000f9dadbf8,0x00000000fa000000)
  to   space 10752K, 0% used [0x00000000fa000000,0x00000000fa000000,0x00000000faa80000)
 ParOldGen       total 175104K, used 16K [0x00000000e0000000, 0x00000000eab00000, 0x00000000f5580000)
  object space 175104K, 0% used [0x00000000e0000000,0x00000000e0004000,0x00000000eab00000)
 Metaspace       used 10804K, capacity 11012K, committed 11136K, reserved 1058816K
  class space    used 1309K, capacity 1348K, committed 1408K, reserved 1048576K
}
Event: 2.923 GC heap before
{Heap before GC invocations=2 (full 0):
 PSYoungGen      total 76288K, used 73910K [0x00000000f5580000, 0x00000000faa80000, 0x0000000100000000)
  eden space 65536K, 100% used [0x00000000f5580000,0x00000000f9580000,0x00000000f9580000)
  from space 10752K, 77% used [0x00000000f9580000,0x00000000f9dadbf8,0x00000000fa000000)
  to   space 10752K, 0% used [0x00000000fa000000,0x00000000fa000000,0x00000000faa80000)
 ParOldGen       total 175104K, used 16K [0x00000000e0000000, 0x00000000eab00000, 0x00000000f5580000)
  object space 175104K, 0% used [0x00000000e0000000,0x00000000e0004000,0x00000000eab00000)
 Metaspace       used 15869K, capacity 16118K, committed 16384K, reserved 1062912K
  class space    used 1911K, capacity 2006K, committed 2048K, reserved 1048576K
Event: 2.935 GC heap after
Heap after GC invocations=2 (full 0):
 PSYoungGen      total 76288K, used 10383K [0x00000000f5580000, 0x00000000faa80000, 0x0000000100000000)
  eden space 65536K, 0% used [0x00000000f5580000,0x00000000f5580000,0x00000000f9580000)
  from space 10752K, 96% used [0x00000000fa000000,0x00000000faa23c70,0x00000000faa80000)
  to   space 10752K, 0% used [0x00000000f9580000,0x00000000f9580000,0x00000000fa000000)
 ParOldGen       total 175104K, used 24K [0x00000000e0000000, 0x00000000eab00000, 0x00000000f5580000)
  object space 175104K, 0% used [0x00000000e0000000,0x00000000e0006000,0x00000000eab00000)
 Metaspace       used 15869K, capacity 16118K, committed 16384K, reserved 1062912K
  class space    used 1911K, capacity 2006K, committed 2048K, reserved 1048576K
}
Event: 3.627 GC heap before
{Heap before GC invocations=3 (full 0):
 PSYoungGen      total 76288K, used 75919K [0x00000000f5580000, 0x00000000faa80000, 0x0000000100000000)
  eden space 65536K, 100% used [0x00000000f5580000,0x00000000f9580000,0x00000000f9580000)
  from space 10752K, 96% used [0x00000000fa000000,0x00000000faa23c70,0x00000000faa80000)
  to   space 10752K, 0% used [0x00000000f9580000,0x00000000f9580000,0x00000000fa000000)
 ParOldGen       total 175104K, used 24K [0x00000000e0000000, 0x00000000eab00000, 0x00000000f5580000)
  object space 175104K, 0% used [0x00000000e0000000,0x00000000e0006000,0x00000000eab00000)
 Metaspace       used 16546K, capacity 16928K, committed 17152K, reserved 1064960K
  class space    used 1924K, capacity 2013K, committed 2048K, reserved 1048576K
Event: 3.643 GC heap after
Heap after GC invocations=3 (full 0):
 PSYoungGen      total 76288K, used 9552K [0x00000000f5580000, 0x00000000fea80000, 0x0000000100000000)
  eden space 65536K, 0% used [0x00000000f5580000,0x00000000f5580000,0x00000000f9580000)
  from space 10752K, 88% used [0x00000000f9580000,0x00000000f9ed4260,0x00000000fa000000)
  to   space 10752K, 0% used [0x00000000fe000000,0x00000000fe000000,0x00000000fea80000)
 ParOldGen       total 175104K, used 32K [0x00000000e0000000, 0x00000000eab00000, 0x00000000f5580000)
  object space 175104K, 0% used [0x00000000e0000000,0x00000000e0008000,0x00000000eab00000)
 Metaspace       used 16546K, capacity 16928K, committed 17152K, reserved 1064960K
  class space    used 1924K, capacity 2013K, committed 2048K, reserved 1048576K
}
Event: 4.373 GC heap before
{Heap before GC invocations=4 (full 0):
 PSYoungGen      total 76288K, used 75088K [0x00000000f5580000, 0x00000000fea80000, 0x0000000100000000)
  eden space 65536K, 100% used [0x00000000f5580000,0x00000000f9580000,0x00000000f9580000)
  from space 10752K, 88% used [0x00000000f9580000,0x00000000f9ed4260,0x00000000fa000000)
  to   space 10752K, 0% used [0x00000000fe000000,0x00000000fe000000,0x00000000fea80000)
 ParOldGen       total 175104K, used 32K [0x00000000e0000000, 0x00000000eab00000, 0x00000000f5580000)
  object space 175104K, 0% used [0x00000000e0000000,0x00000000e0008000,0x00000000eab00000)
 Metaspace       used 16784K, capacity 17126K, committed 17408K, reserved 1064960K
  class space    used 1925K, capacity 2014K, committed 2048K, reserved 1048576K
Event: 4.398 GC heap after
Heap after GC invocations=4 (full 0):
 PSYoungGen      total 141824K, used 10736K [0x00000000f5580000, 0x00000000fea80000, 0x0000000100000000)
  eden space 131072K, 0% used [0x00000000f5580000,0x00000000f5580000,0x00000000fd580000)
  from space 10752K, 99% used [0x00000000fe000000,0x00000000fea7c030,0x00000000fea80000)
  to   space 10752K, 0% used [0x00000000fd580000,0x00000000fd580000,0x00000000fe000000)
 ParOldGen       total 175104K, used 1872K [0x00000000e0000000, 0x00000000eab00000, 0x00000000f5580000)
  object space 175104K, 1% used [0x00000000e0000000,0x00000000e01d4000,0x00000000eab00000)
 Metaspace       used 16784K, capacity 17126K, committed 17408K, reserved 1064960K
  class space    used 1925K, capacity 2014K, committed 2048K, reserved 1048576K
}
Event: 5.971 GC heap before
{Heap before GC invocations=5 (full 0):
 PSYoungGen      total 141824K, used 141808K [0x00000000f5580000, 0x00000000fea80000, 0x0000000100000000)
  eden space 131072K, 100% used [0x00000000f5580000,0x00000000fd580000,0x00000000fd580000)
  from space 10752K, 99% used [0x00000000fe000000,0x00000000fea7c030,0x00000000fea80000)
  to   space 10752K, 0% used [0x00000000fd580000,0x00000000fd580000,0x00000000fe000000)
 ParOldGen       total 175104K, used 1872K [0x00000000e0000000, 0x00000000eab00000, 0x00000000f5580000)
  object space 175104K, 1% used [0x00000000e0000000,0x00000000e01d4000,0x00000000eab00000)
 Metaspace       used 17135K, capacity 17496K, committed 17792K, reserved 1064960K
  class space    used 1943K, capacity 2049K, committed 2176K, reserved 1048576K
Event: 5.995 GC heap after
Heap after GC invocations=5 (full 0):
 PSYoungGen      total 141824K, used 10736K [0x00000000f5580000, 0x0000000100000000, 0x0000000100000000)
  eden space 131072K, 0% used [0x00000000f5580000,0x00000000f5580000,0x00000000fd580000)
  from space 10752K, 99% used [0x00000000fd580000,0x00000000fdffc030,0x00000000fe000000)
  to   space 17408K, 0% used [0x00000000fef00000,0x00000000fef00000,0x0000000100000000)
 ParOldGen       total 175104K, used 8208K [0x00000000e0000000, 0x00000000eab00000, 0x00000000f5580000)
  object space 175104K, 4% used [0x00000000e0000000,0x00000000e08041a0,0x00000000eab00000)
 Metaspace       used 17135K, capacity 17496K, committed 17792K, reserved 1064960K
  class space    used 1943K, capacity 2049K, committed 2176K, reserved 1048576K
}

Deoptimization events (10 events):
Event: 5.146 Thread 0x0000000002612800 Uncommon trap: reason=unstable_if action=reinterpret pc=0x000000000318d820 method=java.lang.CharacterDataLatin1.isJavaIdentifierStart(I)Z @ 14
Event: 5.486 Thread 0x0000000002612800 Uncommon trap: reason=unstable_if action=reinterpret pc=0x0000000003108234 method=org.eclipse.aether.util.graph.selector.ExclusionDependencySelector.matches(Lorg/eclipse/aether/graph/Exclusion;Lorg/eclipse/aether/artifact/Artifact;)Z @ 33
Event: 5.598 Thread 0x0000000002612800 Uncommon trap: reason=unstable_if action=reinterpret pc=0x000000000299c57c method=java.util.HashMap.hash(Ljava/lang/Object;)I @ 1
Event: 5.605 Thread 0x0000000002612800 Uncommon trap: reason=unstable_if action=reinterpret pc=0x0000000002997fbc method=java.util.HashMap.getNode(ILjava/lang/Object;)Ljava/util/HashMap$Node; @ 53
Event: 5.769 Thread 0x0000000002612800 Uncommon trap: reason=unstable_if action=reinterpret pc=0x0000000003201f18 method=org.eclipse.aether.artifact.AbstractArtifact.equals(Ljava/lang/Object;)Z @ 114
Event: 5.774 Thread 0x0000000002612800 Uncommon trap: reason=class_check action=maybe_recompile pc=0x0000000003265740 method=org.jetbrains.maven.server.EventInfoPrinter.appendReplacingNewLines(Ljava/lang/StringBuilder;Ljava/lang/CharSequence;)V @ 15
Event: 5.851 Thread 0x0000000002612800 Uncommon trap: reason=unstable_if action=reinterpret pc=0x0000000003273f5c method=java.util.AbstractMap.equals(Ljava/lang/Object;)Z @ 2
Event: 6.017 Thread 0x0000000002612800 Uncommon trap: reason=unstable_if action=reinterpret pc=0x000000000326067c method=java.lang.String.isEmpty()Z @ 5
Event: 6.018 Thread 0x0000000002612800 Uncommon trap: reason=bimorphic action=maybe_recompile pc=0x00000000033ae058 method=java.util.AbstractCollection.toArray()[Ljava/lang/Object; @ 1
Event: 6.056 Thread 0x0000000002612800 Uncommon trap: reason=unstable_if action=reinterpret pc=0x0000000002c8ae44 method=sun.net.www.protocol.jar.Handler.parseURL(Ljava/net/URL;Ljava/lang/String;II)V @ 94

Internal exceptions (10 events):
Event: 1.089 Thread 0x0000000002612800 Exception <a 'java/lang/ArrayIndexOutOfBoundsException'> (0x00000000f7c512d8) thrown at [C:\re\workspace\8-2-build-windows-amd64-cygwin\jdk8u121\8372\hotspot\src\share\vm\runtime\sharedRuntime.cpp, line 605]
Event: 1.091 Thread 0x0000000002612800 Exception <a 'java/lang/ArrayIndexOutOfBoundsException'> (0x00000000f7c55c20) thrown at [C:\re\workspace\8-2-build-windows-amd64-cygwin\jdk8u121\8372\hotspot\src\share\vm\runtime\sharedRuntime.cpp, line 605]
Event: 1.199 Thread 0x0000000002612800 Exception <a 'java/lang/ArrayIndexOutOfBoundsException': 66> (0x00000000f8002b68) thrown at [C:\re\workspace\8-2-build-windows-amd64-cygwin\jdk8u121\8372\hotspot\src\share\vm\interpreter\interpreterRuntime.cpp, line 366]
Event: 2.176 Thread 0x0000000002612800 Exception <a 'java/lang/NoClassDefFoundError': com/google/inject/servlet/ServletModuleTargetVisitor> (0x00000000f708dc90) thrown at [C:\re\workspace\8-2-build-windows-amd64-cygwin\jdk8u121\8372\hotspot\src\share\vm\classfile\systemDictionary.cpp, line 199
Event: 2.176 Thread 0x0000000002612800 Exception <a 'java/lang/NoClassDefFoundError'> (0x00000000f708dc90) thrown at [C:\re\workspace\8-2-build-windows-amd64-cygwin\jdk8u121\8372\hotspot\src\share\vm\prims\jvm.cpp, line 1394]
Event: 2.176 Thread 0x0000000002612800 Exception <a 'java/lang/NoClassDefFoundError': javax/annotation/Priority> (0x00000000f7092c98) thrown at [C:\re\workspace\8-2-build-windows-amd64-cygwin\jdk8u121\8372\hotspot\src\share\vm\classfile\systemDictionary.cpp, line 199]
Event: 2.302 Thread 0x0000000002612800 Implicit null exception at 0x00000000028ca25b to 0x00000000028ca40d
Event: 2.682 Thread 0x0000000002612800 Implicit null exception at 0x0000000002d32d8e to 0x0000000002d34015
Event: 4.291 Thread 0x0000000002612800 Implicit null exception at 0x000000000326aeb3 to 0x000000000326b08d
Event: 5.597 Thread 0x0000000002612800 Implicit null exception at 0x000000000299c395 to 0x000000000299c56d

Events (10 events):
Event: 6.068 loading class org/apache/maven/shared/filtering/MavenFileFilter
Event: 6.068 loading class org/apache/maven/shared/filtering/MavenFileFilter done
Event: 6.073 loading class org/apache/maven/shared/filtering/MavenResourcesFiltering
Event: 6.073 loading class org/apache/maven/shared/filtering/MavenResourcesFiltering done
Event: 6.073 loading class org/apache/maven/shared/filtering/MavenResourcesFiltering
Event: 6.073 loading class org/apache/maven/shared/filtering/MavenResourcesFiltering done
Event: 6.075 loading class org/sonatype/plexus/build/incremental/BuildContext
Event: 6.075 loading class org/sonatype/plexus/build/incremental/BuildContext done
Event: 6.075 loading class org/sonatype/plexus/build/incremental/BuildContext
Event: 6.075 loading class org/sonatype/plexus/build/incremental/BuildContext done


Dynamic libraries:
0x00007ff71b1a0000 - 0x00007ff71b1d7000 	C:\Program Files\Java\jdk1.8.0_121\bin\java.exe
0x00007ffa4b5e0000 - 0x00007ffa4b7e9000 	C:\WINDOWS\SYSTEM32\ntdll.dll
0x00007ffa4b160000 - 0x00007ffa4b21e000 	C:\WINDOWS\System32\KERNEL32.DLL
0x00007ffa48b70000 - 0x00007ffa48ef4000 	C:\WINDOWS\System32\KERNELBASE.dll
0x00007ffa4ae30000 - 0x00007ffa4aedf000 	C:\WINDOWS\System32\ADVAPI32.dll
0x00007ffa49da0000 - 0x00007ffa49e43000 	C:\WINDOWS\System32\msvcrt.dll
0x00007ffa4b480000 - 0x00007ffa4b51e000 	C:\WINDOWS\System32\sechost.dll
0x00007ffa49a70000 - 0x00007ffa49b91000 	C:\WINDOWS\System32\RPCRT4.dll
0x00007ffa4ac60000 - 0x00007ffa4ae0d000 	C:\WINDOWS\System32\USER32.dll
0x00007ffa48f00000 - 0x00007ffa48f26000 	C:\WINDOWS\System32\win32u.dll
0x00007ffa49cc0000 - 0x00007ffa49cea000 	C:\WINDOWS\System32\GDI32.dll
0x00007ffa491b0000 - 0x00007ffa492cf000 	C:\WINDOWS\System32\gdi32full.dll
0x00007ffa49050000 - 0x00007ffa490ed000 	C:\WINDOWS\System32\msvcp_win.dll
0x00007ffa48f30000 - 0x00007ffa49041000 	C:\WINDOWS\System32\ucrtbase.dll
0x00007ffa37110000 - 0x00007ffa373b5000 	C:\WINDOWS\WinSxS\amd64_microsoft.windows.common-controls_6595b64144ccf1df_6.0.22000.120_none_9d947278b86cc467\COMCTL32.dll
0x00007ffa49d00000 - 0x00007ffa49d31000 	C:\WINDOWS\System32\IMM32.DLL
0x000000006bcb0000 - 0x000000006bd82000 	C:\Program Files\Java\jdk1.8.0_121\jre\bin\msvcr100.dll
0x000000006b410000 - 0x000000006bcab000 	C:\Program Files\Java\jdk1.8.0_121\jre\bin\server\jvm.dll
0x00007ffa4afb0000 - 0x00007ffa4afb8000 	C:\WINDOWS\System32\PSAPI.DLL
0x00007ffa41140000 - 0x00007ffa41173000 	C:\WINDOWS\SYSTEM32\WINMM.dll
0x00007ffa361c0000 - 0x00007ffa361c9000 	C:\WINDOWS\SYSTEM32\WSOCK32.dll
0x00007ffa40a20000 - 0x00007ffa40a2a000 	C:\WINDOWS\SYSTEM32\VERSION.dll
0x00007ffa4b2b0000 - 0x00007ffa4b31f000 	C:\WINDOWS\System32\WS2_32.dll
0x000000006b400000 - 0x000000006b40f000 	C:\Program Files\Java\jdk1.8.0_121\jre\bin\verify.dll
0x000000006b3d0000 - 0x000000006b3f9000 	C:\Program Files\Java\jdk1.8.0_121\jre\bin\java.dll
0x000000006ad20000 - 0x000000006ad43000 	C:\Program Files\Java\jdk1.8.0_121\jre\bin\instrument.dll
0x000000006b3b0000 - 0x000000006b3c6000 	C:\Program Files\Java\jdk1.8.0_121\jre\bin\zip.dll
0x00007ffa4a010000 - 0x00007ffa4a7d5000 	C:\WINDOWS\System32\SHELL32.dll
0x00007ffa469e0000 - 0x00007ffa47244000 	C:\WINDOWS\SYSTEM32\windows.storage.dll
0x00007ffa496f0000 - 0x00007ffa49a66000 	C:\WINDOWS\System32\combase.dll
0x00007ffa46870000 - 0x00007ffa469d7000 	C:\WINDOWS\SYSTEM32\wintypes.dll
0x00007ffa4afc0000 - 0x00007ffa4b0aa000 	C:\WINDOWS\System32\SHCORE.dll
0x00007ffa49d40000 - 0x00007ffa49d9d000 	C:\WINDOWS\System32\shlwapi.dll
0x00007ffa489b0000 - 0x00007ffa489d1000 	C:\WINDOWS\SYSTEM32\profapi.dll
0x00007ffa44e30000 - 0x00007ffa44e4a000 	C:\Program Files\JetBrains\IntelliJ IDEA Community Edition 2023.1.1\bin\breakgen64.dll
0x000000006b390000 - 0x000000006b3aa000 	C:\Program Files\Java\jdk1.8.0_121\jre\bin\net.dll
0x00007ffa47f60000 - 0x00007ffa47fc7000 	C:\WINDOWS\system32\mswsock.dll
0x00007ffa48190000 - 0x00007ffa481a8000 	C:\WINDOWS\SYSTEM32\CRYPTSP.dll
0x00007ffa47a10000 - 0x00007ffa47a45000 	C:\WINDOWS\system32\rsaenh.dll
0x00007ffa48020000 - 0x00007ffa48049000 	C:\WINDOWS\SYSTEM32\USERENV.dll
0x00007ffa48370000 - 0x00007ffa48397000 	C:\WINDOWS\SYSTEM32\bcrypt.dll
0x00007ffa48af0000 - 0x00007ffa48b6f000 	C:\WINDOWS\System32\bcryptprimitives.dll
0x00007ffa481b0000 - 0x00007ffa481bc000 	C:\WINDOWS\SYSTEM32\CRYPTBASE.dll
0x00007ffa475d0000 - 0x00007ffa475fd000 	C:\WINDOWS\SYSTEM32\IPHLPAPI.DLL
0x00007ffa4ac50000 - 0x00007ffa4ac59000 	C:\WINDOWS\System32\NSI.dll
0x00007ffa40af0000 - 0x00007ffa40b09000 	C:\WINDOWS\SYSTEM32\dhcpcsvc6.DLL
0x00007ffa413b0000 - 0x00007ffa413ce000 	C:\WINDOWS\SYSTEM32\dhcpcsvc.DLL
0x00007ffa47600000 - 0x00007ffa476e7000 	C:\WINDOWS\SYSTEM32\DNSAPI.dll
0x000000006b2a0000 - 0x000000006b2b1000 	C:\Program Files\Java\jdk1.8.0_121\jre\bin\nio.dll
0x00007ffa44e90000 - 0x00007ffa44e9a000 	C:\Users\sspin\AppData\Local\Temp\jansi-1.17.1-2661221167604367350.dll

VM Arguments:
jvm_args: -Dmaven.multiModuleProjectDirectory=C:\Users\sspin\IdeaProjects\gorest-serenity-project-main-week-18 -Djansi.passthrough=true -Xms256m -Xmx512m -Dmaven.home=C:\Program Files\JetBrains\IntelliJ IDEA Community Edition 2023.1.1\plugins\maven\lib\maven3 -Dclassworlds.conf=C:\Program Files\JetBrains\IntelliJ IDEA Community Edition 2023.1.1\plugins\maven\lib\maven3\bin\m2.conf -Dmaven.ext.class.path=C:\Program Files\JetBrains\IntelliJ IDEA Community Edition 2023.1.1\plugins\maven\lib\maven-event-listener.jar -javaagent:C:\Program Files\JetBrains\IntelliJ IDEA Community Edition 2023.1.1\lib\idea_rt.jar=19446:C:\Program Files\JetBrains\IntelliJ IDEA Community Edition 2023.1.1\bin -Dfile.encoding=UTF-8 
java_command: org.codehaus.classworlds.Launcher -Didea.version=2023.1.1 install
java_class_path (initial): C:\Program Files\JetBrains\IntelliJ IDEA Community Edition 2023.1.1\plugins\maven\lib\maven3\boot\plexus-classworlds-2.6.0.jar;C:\Program Files\JetBrains\IntelliJ IDEA Community Edition 2023.1.1\plugins\maven\lib\maven3\boot\plexus-classworlds.license;C:\Program Files\JetBrains\IntelliJ IDEA Community Edition 2023.1.1\lib\idea_rt.jar
Launcher Type: SUN_STANDARD

Environment Variables:
JAVA_HOME=C:\Program Files\Java\jdk1.8.0_121
PATH=C:\ProgramData\Oracle\Java\javapath;C:\Program Files\Common Files\Oracle\Java\javapath;C:\Program Files (x86)\Intel\Intel(R) Management Engine Components\iCLS\;C:\Program Files\Intel\Intel(R) Management Engine Components\iCLS\;C:\WINDOWS\system32;C:\WINDOWS;C:\WINDOWS\System32\Wbem;C:\WINDOWS\System32\WindowsPowerShell\v1.0\;C:\WINDOWS\System32\OpenSSH\;C:\Program Files (x86)\Intel\Intel(R) Management Engine Components\DAL;C:\Program Files\Intel\Intel(R) Management Engine Components\DAL;C:\Program Files (x86)\Intel\Intel(R) Management Engine Components\IPT;C:\Program Files\Intel\Intel(R) Management Engine Components\IPT;C:\Program Files (x86)\HP\LoadRunner\strawberry-perl\perl\bin;C:\Program Files\dotnet\;C:\apache-maven-3.8.6\bin;C:\Program Files\Java\jdk1.8.0_73\bin;C:\Program Files\Git\cmd;C:\Program Files\Java\jdk1.8.0_121\bin;C:\Apache\apache-maven-3.9.3\bin;C:\Program Files\nodejs\;C:\Users\sspin\AppData\Local\Microsoft\WindowsApps;C:\Users\sspin\AppData\Roaming\npm
USERNAME=sspink2109
OS=Windows_NT
PROCESSOR_IDENTIFIER=Intel64 Family 6 Model 142 Stepping 10, GenuineIntel



---------------  S Y S T E M  ---------------

OS: Windows 10.0 , 64 bit Build 22000 (10.0.22000.2003)

CPU:total 8 (4 cores per cpu, 2 threads per core) family 6 model 142 stepping 10, cmov, cx8, fxsr, mmx, sse, sse2, sse3, ssse3, sse4.1, sse4.2, popcnt, avx, avx2, aes, clmul, erms, 3dnowpref, lzcnt, ht, tsc, tscinvbit, bmi1, bmi2, adx

Memory: 4k page, physical 8218028k(560792k free), swap 19300648k(5356k free)

vm_info: Java HotSpot(TM) 64-Bit Server VM (25.121-b13) for windows-amd64 JRE (1.8.0_121-b13), built on Dec 12 2016 18:21:36 by "java_re" with MS VC++ 10.0 (VS2010)

time: Tue Aug 08 13:32:46 2023
elapsed time: 6 seconds (0d 0h 0m 6s)

